<?xml version="1.0" encoding="UTF-8"?>
<testng-results ignored="0" total="2" passed="2" failed="0" skipped="0">
  <reporter-output>
  </reporter-output>
  <suite started-at="2019-05-12T16:44:28Z" name="Default suite" finished-at="2019-05-12T16:44:28Z" duration-ms="33">
    <groups>
    </groups>
    <test started-at="2019-05-12T16:44:28Z" name="Default test" finished-at="2019-05-12T16:44:28Z" duration-ms="33">
      <class name="SampleProject.TestProject.mobileAutomation">
        <test-method signature="MobileTestcase1()[pri:0, instance:SampleProject.TestProject.mobileAutomation@7817fd62]" started-at="2019-05-12T16:44:28Z" name="MobileTestcase1" finished-at="2019-05-12T16:44:28Z" duration-ms="7" status="PASS">
          <reporter-output>
          </reporter-output>
        </test-method> <!-- MobileTestcase1 -->
        <test-method signature="MobileTestcase2()[pri:0, instance:SampleProject.TestProject.mobileAutomation@7817fd62]" started-at="2019-05-12T16:44:28Z" name="MobileTestcase2" finished-at="2019-05-12T16:44:28Z" duration-ms="1" status="PASS">
          <reporter-output>
          </reporter-output>
        </test-method> <!-- MobileTestcase2 -->
      </class> <!-- SampleProject.TestProject.mobileAutomation -->
    </test> <!-- Default test -->
  </suite> <!-- Default suite -->
</testng-results>
